C51 COMPILER V9.02   MAIN                                                                  08/27/2017 17:51:35 PAGE 1   


C51 COMPILER V9.02, COMPILATION OF MODULE MAIN
OBJECT MODULE PLACED IN main.OBJ
COMPILER INVOKED BY: D:\study-USTB\keil\C51\BIN\C51.EXE main.c BROWSE DEBUG OBJECTEXTEND

line level    source

   1          #include<AT89X52.H>
   2          #include<intrins.h>
   3          #include<head.h>
   4          
   5          unsigned char RunFlag=0;
   6          bit EnableLight=0;
   7          
   8          sbit S1=P3^2; //按键
   9          sbit LeftLed=P2^0;
  10          
  11          /*************完成红外探头端口定义***********/
  12          sbit M1A = P1^2;                                        //定义电机1正向端口
  13          sbit M1B = P1^3;                                        //定义电机1反向端口
  14          sbit M2A = P1^6;                                        //定义电机2正向端口
  15          sbit M2B = P1^7;                                        //定义电机2反向端口
  16          
  17          sbit IRIN=P3^3;//红外接收端口
  18          #define ShowPort P0//定义数码管显示端口
  19          
  20          unsigned char code  RecvData[]={0x19,0x46,0x15,0x44,0x43,0x40,0x0D,0x0E,0x00,0x0F};
  21          
  22          unsigned char IRCOM[7];
  23          
  24          void Delay(){   //定义延时子程序
  25   1        unsigned int DelayTime=30000;  //定义延时时间变量
  26   1        while(DelayTime--);  //开始进行延时循环
  27   1        return; //子程序返回
  28   1      }
  29          
  30          extern void ControlCar(unsigned char ConType){
  31   1        stop();
  32   1        switch (ConType) {
  33   2          case 1: //前进
  34   2            stop();
  35   2            delay1ms(240);
  36   2            LeftLed = 0;
  37   2            frontRun();
  38   2            ShowPort = ShowDirect[0];
  39   2            break;
  40   2          case 2:
  41   2            stop();
  42   2            delay1ms(240);
  43   2            LeftLed = 1;
  44   2            backRun();
  45   2            ShowPort = ShowDirect[1];
  46   2            break;
  47   2          case 3:
  48   2            stop();
  49   2            delay1ms(240);
  50   2            turnLeft();
  51   2            ShowPort = ShowDirect[2];
  52   2            break;
  53   2          case 4:
  54   2            stop();
  55   2            delay1ms(240);
C51 COMPILER V9.02   MAIN                                                                  08/27/2017 17:51:35 PAGE 2   

  56   2            turnRight();
  57   2            ShowPort = ShowDirect[3];
  58   2            break;
  59   2          case 5:
  60   2            stop();
  61   2            ShowPort = ShowDirect[4];
  62   2            break;
  63   2        }
  64   1      }
  65          
  66          void IR_IN() interrupt 2 using 0{
  67   1        unsigned char j,k,N = 0;
  68   1        EX1 = 0;
  69   1        delayms(210);//NEC协议 0:0.56+0.56;1:0.56+1.68 ms
  70   1        if(IRIN == 1){  //红外接收 IRIN == 1 低电平 寻找高电平进入中断
  71   2          EX1 = 1;      //允许外部中断
  72   2          return;       //取消中断
  73   2        }
  74   1        while (!IRIN)   //红外接收 高电平  即进入 9ms 引导脉冲
  75   1          delayms(14);//延时跳过 9ms引导
  76   1        for(j = 0; j < 4; j++){ //接收 4 个字节 4*8 位
  77   2          for(k = 0; k < 8; k++){
  78   3            while(IRIN)  // 等待低电平 0.14ms 进入 4.5ms 空闲
  79   3              delayms(14);  //延时跳过4.5ms空闲
  80   3            while (!IRIN) // 进入高电平
  81   3              delayms(14);//延时跳过
  82   3            while (IRIN){ //低电平 0.14 ms
  83   4              delayms(14);//0.14ms延时并计数
  84   4              N++;        // 计数器 比特值 0
  85   4              if(N >= 30){//低电平时间过长则说明此信号有误则中断
  86   5                EX1 = 1;
  87   5                return;
  88   5              }
  89   4            }
  90   3            IRCOM[j] = IRCOM[j] >> 1;//右移一位，最高位为0
  91   3      
  92   3            if (N >= 8){  //如果 n>8 则为 1
  93   4              IRCOM[j] = IRCOM[j]|0x80; //右移后最高为 0; |0x80 最高位为 1
  94   4            }
  95   3            N = 0; // 计数位 清 0
  96   3          }
  97   2        }
  98   1        if(IRCOM[2] != ~IRCOM[3]){ //判断两个数据码是否相同
  99   2          EX1=1;  //打开外部中断
 100   2          return;
 101   2        }
 102   1        for(j = 0; j < 10; j++){
 103   2          if(IRCOM[2]==RecvData[j])
 104   2            ControlCar(j);
 105   2        }
 106   1        EX1 = 1;
 107   1      }
 108          void main()                                       //主程序入口
 109          {
 110   1       bit ExeFlag=0;                                       //定义可执行位变量
 111   1       EX1=1;                                               //同意开启外部中断1
 112   1       IT1=1;                                               //设定外部中断1，下降沿控制终端
 113   1       EA=1;      //允许中断
 114   1       TMOD=0X01;
 115   1       TH0= 0XFc;               //1ms定时
 116   1       TL0= 0X18;
 117   1       TR0= 1;
C51 COMPILER V9.02   MAIN                                                                  08/27/2017 17:51:35 PAGE 3   

 118   1        ET0= 1;
 119   1       ShowPort=ShowDirect[4];
 120   1       PX1 = 1;                            //数码管显示数字0
 121   1      while(1)                                              //程序主循环
 122   1       {
 123   2         Delay();                                           //延时
 124   2       }
 125   1      }
 126          
 127          
 128          
 129          
 130          
 131          
 132          
 133          /***/


MODULE INFORMATION:   STATIC OVERLAYABLE
   CODE SIZE        =    576    ----
   CONSTANT SIZE    =     25    ----
   XDATA SIZE       =   ----    ----
   PDATA SIZE       =   ----    ----
   DATA SIZE        =     14       3
   IDATA SIZE       =   ----    ----
   BIT SIZE         =      3       1
END OF MODULE INFORMATION.


C51 COMPILATION COMPLETE.  0 WARNING(S),  0 ERROR(S)
