C51 COMPILER V9.02   MAIN                                                                  08/27/2017 21:47:51 PAGE 1   


C51 COMPILER V9.02, COMPILATION OF MODULE MAIN
OBJECT MODULE PLACED IN main.OBJ
COMPILER INVOKED BY: D:\study-USTB\keil\C51\BIN\C51.EXE main.c BROWSE DEBUG OBJECTEXTEND

line level    source

   1          #include<AT89X52.H>
   2          #include<head.h>
   3          void main(){
   4   1        while(1){
   5   2          if(Left_1_led == 0&&Right_1_led == 0) frontRun();
   6   2          else if(Left_1_led == 1&&Right_1_led == 0) turnLeft();
   7   2          else if(Right_1_led == 1&&Left_1_led == 0) turnRight();
   8   2          else if(Right_1_led ==  1&&Left_1_led == 1) stop();
   9   2        }
  10   1      }
*** WARNING C316 IN LINE 10 OF main.c: unterminated conditionals


MODULE INFORMATION:   STATIC OVERLAYABLE
   CODE SIZE        =    236    ----
   CONSTANT SIZE    =   ----    ----
   XDATA SIZE       =   ----    ----
   PDATA SIZE       =   ----    ----
   DATA SIZE        =      6    ----
   IDATA SIZE       =   ----    ----
   BIT SIZE         =      2    ----
END OF MODULE INFORMATION.


C51 COMPILATION COMPLETE.  1 WARNING(S),  0 ERROR(S)
