C51 COMPILER V9.02   MAIN                                                                  08/27/2017 22:52:48 PAGE 1   


C51 COMPILER V9.02, COMPILATION OF MODULE MAIN
OBJECT MODULE PLACED IN main.OBJ
COMPILER INVOKED BY: D:\study-USTB\keil\C51\BIN\C51.EXE main.c BROWSE DEBUG OBJECTEXTEND

line level    source

   1          #include <AT89X52.h>
   2          #include <head.h>
   3          void main() {
   4   1        unsigned char i;
   5   1        unsigned int a;
   6   1        Delay1ms(5);
   7   1        TMOD = TMOD|0x10;
   8   1        EA = 1;
   9   1        TH1 = 0;
  10   1        TL1 = 0;
  11   1        ET1 = 1;
  12   1        turn_right_flag = 0;
  13   1        B: for(i = 0; i < 50; i++){
  14   2          Delay1ms(1);
  15   2          if(P3_2 != 0)
  16   2          goto B;
  17   2        }
  18   1        BUZZ = 0;
  19   1        Delay1ms(50);
  20   1        BUZZ = 1;
  21   1        while (1) {
  22   2          RX = 1;
  23   2          StartModule();
  24   2          for(a = 951; a > 0; a--){
  25   3            if(RX == 1){
  26   4              Timer_Count();
  27   4            }
  28   3          }
  29   2        }
  30   1      
  31   1      }


MODULE INFORMATION:   STATIC OVERLAYABLE
   CODE SIZE        =    571    ----
   CONSTANT SIZE    =   ----    ----
   XDATA SIZE       =   ----    ----
   PDATA SIZE       =   ----    ----
   DATA SIZE        =     14       2
   IDATA SIZE       =   ----    ----
   BIT SIZE         =      4    ----
END OF MODULE INFORMATION.


C51 COMPILATION COMPLETE.  0 WARNING(S),  0 ERROR(S)
