C51 COMPILER V9.02   MAIN                                                                  08/27/2017 18:01:45 PAGE 1   


C51 COMPILER V9.02, COMPILATION OF MODULE MAIN
OBJECT MODULE PLACED IN main.OBJ
COMPILER INVOKED BY: D:\study-USTB\keil\C51\BIN\C51.EXE main.c BROWSE DEBUG OBJECTEXTEND

line level    source

   1          #include<AT89X52.H>
   2          #include<head.h>
   3          
   4          void main(){
   5   1        unsigned char i;
   6   1        P1 = 0x00;  //关电机
   7   1      B:  for(i = 0; i <50; i++){  //判断按键是否按下
   8   2          delay(100);
   9   2          if(P3_2!=0)
  10   2          goto B;
  11   2        }
  12   1        BUZZ = 0;
  13   1        delay(1000);
  14   1      
  15   1        BUZZ = 1;
  16   1      
  17   1        TMOD=0X01;
  18   1        TH0= 0XFc;              //1ms定时
  19   1              TL0= 0X18;
  20   1        TR0= 1;
  21   1        ET0= 1;
  22   1        EA = 1;                    //开总中断
  23   1        while (1) {
  24   2          /* 有信号为 0，没有信号为 1 */
  25   2          if(Avoid_Right_led == 1&&Avoid_Left_led == 1) frontRun();
  26   2          else if(Avoid_Right_led == 1&&Avoid_Left_led == 0) {
  27   3            turnRight();
  28   3            delay(1000);
  29   3          }
  30   2          else if(Avoid_Right_led == 0&&Avoid_Left_led == 1) {
  31   3            turnLeft();
  32   3            delay(1000);
  33   3          }
  34   2          else if(Avoid_Right_led == 0&&Avoid_Left_led == 0){
  35   3            backRun();
  36   3            delay(1000);
  37   3            turnRight();
  38   3            delay(2000);
  39   3          }
  40   2        }
  41   1      }


MODULE INFORMATION:   STATIC OVERLAYABLE
   CODE SIZE        =    332    ----
   CONSTANT SIZE    =      5    ----
   XDATA SIZE       =   ----    ----
   PDATA SIZE       =   ----    ----
   DATA SIZE        =      6    ----
   IDATA SIZE       =   ----    ----
   BIT SIZE         =   ----    ----
END OF MODULE INFORMATION.


C51 COMPILATION COMPLETE.  0 WARNING(S),  0 ERROR(S)
